15129150569:帐号输入的密码错误
15129150569:帐号输入的密码错误
15129150569:帐号输入的密码错误
15129150569:帐号输入的密码错误
19292886571:帐号未注册
18392886571账号登录成功
18392886571账号登录成功
18392886571账号登录成功
18392886571账号登录成功
18392886571账号登录成功
18392886571账号登录成功
18392886571账号登录成功
18392886571账号登录成功
18392886571账号登录成功
18392886571账号登录成功
18392886571账号登录成功
18392886571账号登录成功
18392886571账号登录成功
18392886571账号登录成功
18392886571账号登录成功
18392886571账号登录成功
18392886571账号登录成功
18392886571账号登录成功
18392886571账号登录成功
18392886571账号登录成功
18392886571账号登录成功
18392886571账号登录成功
18392886571账号登录成功
18392886571账号登录成功
18129150569帐号注册成功
15622184887账号登录成功
15622184887账号登录成功
15622184887：帐号已被注册
15622184887：帐号已被注册
15622184887：帐号已被注册
15622184887：帐号已被注册
15622184887：帐号已被注册
15622184887：帐号已被注册
15622184887：帐号已被注册
15622184887：帐号已被注册
15622184887：帐号已被注册
15622184887：帐号已被注册
15622184887：帐号已被注册
15622184887：帐号已被注册
15622184887：帐号已被注册
15622184887：帐号已被注册
15622184887：帐号已被注册
15622184887：帐号已被注册
15622184887：帐号已被注册
15622184887：帐号已被注册
15622184887：帐号已被注册
15622184887：帐号已被注册
15622184887：帐号已被注册
15622184887：帐号已被注册
15622184887：帐号已被注册
15622184887：帐号已被注册
15622184887：帐号已被注册
15622184887：帐号已被注册
15622184887：帐号已被注册
15622184887：帐号已被注册
15622184887账号登录成功
15622184887账号登录成功
15622184887账号登录成功
15622184887账号登录成功
15622184887账号登录成功
15622184887账号登录成功
15622184887账号登录成功
15622184887账号登录成功
15622184887账号登录成功
15622184887账号登录成功
15622184887账号登录成功
15622184887账号登录成功
15622184887账号登录成功
15622184887账号登录成功
15622184887账号登录成功
15622184887账号登录成功
15622184887账号登录成功
15622184887账号登录成功
15622184887账号登录成功
15622184887账号登录成功
15622184887账号登录成功
15622184887账号登录成功
18392886571:账号登录成功
18392886571:帐号输入的密码错误
1839288657:帐号未注册
18392886571:帐号输入的密码错误
18392886571:帐号输入的密码错误
18392886571:帐号输入的密码错误
18392886571:帐号输入的密码错误
18392886571:帐号输入的密码错误
18392886571:帐号输入的密码错误
18392886571:账号登录成功
18392886571:账号登录成功
18392886571:账号登录成功
18392886571:账号登录成功
18392886571:账号登录成功
18392886571:账号登录成功
18392886571:账号登录成功
18392886571:账号登录成功
18392886571:账号登录成功
18392886571:账号登录成功
18392886571:账号登录成功
18392886571:账号登录成功
18392886571：帐号已被注册
18392850326帐号注册成功
18392850326：帐号已被注册
18392850326：帐号已被注册
18392850326：帐号已被注册
17691196405帐号注册成功
17691196403帐号注册成功
17691196403：帐号已被注册
15092895623帐号注册成功
15092895623：帐号已被注册
15092895623：帐号已被注册
15092895623：帐号已被注册
15092895623：帐号已被注册
15092895623：帐号已被注册
15092895623：帐号已被注册
15092895623：帐号已被注册
15092895623：帐号已被注册
15092895623：帐号已被注册
15092895623：帐号已被注册
15092895623：帐号已被注册
15092895623：帐号已被注册
15092895623：帐号已被注册
15092895623：帐号已被注册
15092895623：帐号已被注册
15092895623：帐号已被注册
15092895623：帐号已被注册
15092895623：帐号已被注册
15092895623：帐号已被注册
15092895623：帐号已被注册
12635698956帐号注册成功
18392886363帐号注册成功
18392886363：帐号已被注册
18392886363：帐号已被注册
18392886363：帐号已被注册
18392886363：帐号已被注册
18392886363：帐号已被注册
18392886363：帐号已被注册
帐号注册成功
18392886571：帐号已被注册
18392886571：帐号已被注册
18392886571：帐号已被注册
18392886571:账号登录成功
18392886571：帐号已被注册
18392886571：帐号已被注册
18392886571：帐号已被注册
18392886571：帐号已被注册
18392886571：帐号已被注册
18392886571：帐号已被注册
：帐号已被注册
：帐号已被注册
：帐号已被注册
18392886571:账号登录成功
18392886571:账号登录成功
15698562366帐号注册成功
15698562366：帐号已被注册
15698562366：帐号已被注册
454515帐号注册成功
454515：帐号已被注册
454515：帐号已被注册
15359帐号注册成功
15359：帐号已被注册
13111111111:帐号未注册
11111111111帐号注册成功
13118834595帐号注册成功
13118834595:账号登录成功
13118834595:账号登录成功
13118834595:账号登录成功
13118834595:账号登录成功
18392850326：帐号已被注册
18392850326:账号登录成功
18392886571:帐号输入的密码错误
13118834595:账号登录成功
18392886571:帐号输入的密码错误
18392886571:账号登录成功
1515151帐号注册成功
1515151：帐号已被注册
45454帐号注册成功
15151帐号注册成功
15151：帐号已被注册
5565帐号注册成功
151515帐号注册成功
13118834595:账号登录成功
18392886571@qq.com帐号注册成功
18392886571@qq.com：帐号已被注册
18392886571@qq.com：帐号已被注册
489660447@qq.com帐号注册成功
489660447:帐号输入的密码错误
45454:帐号输入的密码错误
45454@qq.com帐号注册成功
45454@qq.com：帐号已被注册
45456@qq.com帐号注册成功
4545:帐号未注册
4896604475@qq.com帐号注册成功
4896604475@qq.com：帐号已被注册
4896604475@qq.com：帐号已被注册
489660447@qq.com：帐号已被注册
489660447@qq.com：帐号已被注册
489660447@qq.com：帐号已被注册
48966044733@qq.com帐号注册成功
55@qq.com帐号注册成功
55@qq.com：帐号已被注册
45454@qq.com：帐号已被注册
45454@qq.com：帐号已被注册
48966044755@qq.com帐号注册成功
48966044755@qq.com：帐号已被注册
48966044755@qq.com：帐号已被注册
489660447@qq.com：帐号已被注册
489660447@qq.com：帐号已被注册
489660447@qq.com：帐号已被注册
4545:帐号未注册
111:帐号输入的密码错误
489660447@qq.com：帐号已被注册
489660447@qq.com：帐号已被注册
489660447@qq.com：帐号已被注册
489660447@qq.com：帐号已被注册
1212@qq.com帐号注册成功
1212@qq.com：帐号已被注册
11@qq.com帐号注册成功
11@qq.com：帐号已被注册
45454@qq.com：帐号已被注册
45454@qq.com：帐号已被注册
45454@qq.com：帐号已被注册
466@qq.com帐号注册成功
466@qq.com：帐号已被注册
45454@qq.com：帐号已被注册
45454@qq.com：帐号已被注册
45454@qq.com：帐号已被注册
45454@qq.com：帐号已被注册
45454@qq.com：帐号已被注册
45454@qq.co帐号注册成功
45454@qq.co：帐号已被注册
45454@qq.co：帐号已被注册
45454@qq.co：帐号已被注册
45454@qq.co：帐号已被注册
789@qq.com帐号注册成功
111@qq.com帐号注册成功
111@qq.com：帐号已被注册
456@qq.com帐号注册成功
11@qq.com：帐号已被注册
11@qq.com：帐号已被注册
4545@qq.com帐号注册成功
45@qq.com帐号注册成功
18392886571:账号登录成功
489660447@qq.com：帐号已被注册
11@qq.com：帐号已被注册
4896帐号注册成功
4545帐号注册成功
111212@qq.com帐号注册成功
112112@qq.com帐号注册成功
112112@qq.com：帐号已被注册
18392886571:账号登录成功
44:帐号未注册
18392886571：帐号已被注册
18392886571：帐号已被注册
18392098766帐号注册成功
18392028766:帐号未注册
18392098766：帐号已被注册
18392098766:账号登录成功
13118834595:帐号输入的密码错误
13118834595:账号登录成功
13415067239帐号注册成功
13415067239：帐号已被注册
13415067239：帐号已被注册
13419997979帐号注册成功
13118834595:账号登录成功
13411111111帐号注册成功
18392886571：帐号已被注册
18392886571：帐号已被注册
18392886571：帐号已被注册
18392886571：帐号已被注册
18392886571：帐号已被注册
18392886571：帐号已被注册
18392886571：帐号已被注册
18392886571：帐号已被注册
18392886571：帐号已被注册
18392886571：帐号已被注册
18392886571：帐号已被注册
18392886571：帐号已被注册
18392886571：帐号已被注册
18392886571：帐号已被注册
18392886571：帐号已被注册
18392886571:帐号输入的密码错误
18392886571:帐号输入的密码错误
18392886571:帐号输入的密码错误
18392886571:帐号输入的密码错误
18392886571:帐号输入的密码错误
18392886571:帐号输入的密码错误
18392886599帐号注册成功
18392886598:帐号未注册
18392886598:帐号未注册
18392886889:帐号未注册
18392886889:帐号未注册
18392886889:帐号未注册
18392886889:帐号未注册
18392886889:帐号未注册
18392886889:帐号未注册
18392886889:帐号未注册
18392886889:帐号未注册
18392886889:帐号未注册
18392886889:帐号未注册
18392886599：帐号已被注册
18392886599:账号登录成功
18392886578:帐号未注册
18392850369:帐号未注册
18392850369:帐号未注册
18392850369:帐号未注册
18392850369:帐号未注册
18392850369:帐号未注册
18392886571:账号登录成功
18392886571:账号登录成功
18392886571:账号登录成功
18392886571:账号登录成功
18392886571:账号登录成功
18392886571:账号登录成功
18392886571:账号登录成功
18392886988:帐号未注册
18392886988:帐号未注册
18392886589帐号注册成功
18392886571:账号登录成功
18392885689:帐号未注册
18392885679:帐号未注册
18392885679:帐号未注册
18392885679:帐号未注册
18392885679:帐号未注册
18392885679:帐号未注册
18392886571:账号登录成功
18392886571:账号登录成功
18392886571:账号登录成功
18392886571:账号登录成功
18392886533:帐号未注册
18392886576:帐号未注册
18392886576:帐号未注册
18392886576:帐号未注册
1839226571:帐号未注册
18392886475:帐号未注册
18392886475:帐号未注册
18392886475:帐号未注册
18392886599:帐号输入的密码错误
18392886599:帐号输入的密码错误
18392886989:帐号未注册
18392886989:帐号未注册
18392886989:帐号未注册
18392886332:帐号未注册
18392886332:帐号未注册
18392886571:帐号输入的密码错误
18392886571:帐号输入的密码错误
18392886571:帐号输入的密码错误
18392886571:帐号输入的密码错误
18392886571:帐号输入的密码错误
18392886571:帐号输入的密码错误
18392886571:帐号输入的密码错误
18392886571:帐号输入的密码错误
18392886571:帐号输入的密码错误
18392886571：帐号已被注册
18392886993帐号注册成功
18392886990帐号注册成功
18392886990：帐号已被注册
18392886990：帐号已被注册
18392886990：帐号已被注册
18392886990：帐号已被注册
18392886990：帐号已被注册
18392886990：帐号已被注册
18392886990：帐号已被注册
18392886990：帐号已被注册
18392886990：帐号已被注册
18392886990：帐号已被注册
18392886990：帐号已被注册
18392886990：帐号已被注册
18392886990：帐号已被注册
18392886990：帐号已被注册
18392886990：帐号已被注册
18392886990：帐号已被注册
18392886990：帐号已被注册
18392886990：帐号已被注册
18392886990：帐号已被注册
18392886990：帐号已被注册
18392886992帐号注册成功
18392886992：帐号已被注册
18392886992：帐号已被注册
18392886992：帐号已被注册
18392886992：帐号已被注册
18392886992：帐号已被注册
18392886992：帐号已被注册
18392886992：帐号已被注册
18392886992：帐号已被注册
18392886992：帐号已被注册
18392886992:账号登录成功
13488888888帐号注册成功
13466666666帐号注册成功
13100000000帐号注册成功
13100000000:帐号输入的密码错误
13100000000:账号登录成功
13100000000:帐号输入的密码错误
13100000000:帐号输入的密码错误
13100000000:账号登录成功
13100000000:账号登录成功
13100000000:帐号输入的密码错误
13100000000:账号登录成功
18392886571：帐号已被注册
18392886571：帐号已被注册
18392886571：帐号已被注册
18392886571：帐号已被注册
18392886997帐号注册成功
18392886997:账号登录成功
4545544554545545:帐号未注册
13100000000:账号登录成功
13100000000:账号登录成功
345222809@qq.com帐号注册成功
12313156:帐号未注册
13295286628:帐号未注册
13295286628:帐号未注册
13295286628:帐号未注册
13295286628:帐号未注册
18888888888帐号注册成功
18888888888:账号登录成功
：帐号已被注册
：帐号已被注册
：帐号已被注册
：帐号已被注册
18392886582帐号注册成功
18392886583:帐号未注册
18392886583:帐号未注册
18392886565帐号注册成功
18392886565:账号登录成功
4896604478@qq.com帐号注册成功
18199999999帐号注册成功
18199999999:账号登录成功
123帐号注册成功
123:账号登录成功
：帐号已被注册
123:账号登录成功
183928865714:验证码错误
183928865714：帐号已被注册
183928865714：帐号已被注册
183928865714：帐号已被注册
